[01:30:52] [main/INFO] (FabricLoader/GameProvider) Loading Minecraft 1.19.4 with Fabric Loader 0.14.18
[01:30:53] [main/INFO] (FabricLoader) Loading 46 mods:
	- bechacraft 1.0.0
	- fabric-api 0.75.3+1.19.4
	- fabric-api-base 0.4.23+9ff28bced8
	- fabric-api-lookup-api-v1 1.6.24+49abcf7ed8
	- fabric-biome-api-v1 13.0.5+fe9afa9dd8
	- fabric-block-api-v1 1.0.5+e022e5d1d8
	- fabric-blockrenderlayer-v1 1.1.33+c2e6f674d8
	- fabric-client-tags-api-v1 1.0.14+1134c5b8d8
	- fabric-command-api-v2 2.2.4+ae0966bad8
	- fabric-content-registries-v0 3.5.6+ae0966bad8
	- fabric-convention-tags-v1 1.3.0+6baaf971d8
	- fabric-crash-report-info-v1 0.2.14+aeb40ebed8
	- fabric-data-generation-api-v1 11.3.4+5da15ca1d8
	- fabric-dimensions-v1 2.1.44+7f87f8fad8
	- fabric-entity-events-v1 1.5.12+e45f7c65d8
	- fabric-events-interaction-v0 0.4.42+a1ccd7bfd8
	- fabric-game-rule-api-v1 1.0.32+a1ccd7bfd8
	- fabric-gametest-api-v1 1.2.1+ae0966bad8
	- fabric-item-api-v1 2.1.15+ae0966bad8
	- fabric-item-group-api-v1 3.0.2+e45f7c65d8
	- fabric-key-binding-api-v1 1.0.32+c477957ed8
	- fabric-lifecycle-events-v1 2.2.14+5da15ca1d8
	- fabric-loot-api-v2 1.1.24+75e98211d8
	- fabric-message-api-v1 5.1.0+1ee8be40d8
	- fabric-mining-level-api-v1 2.1.36+49abcf7ed8
	- fabric-models-v0 0.3.29+11ba9c3bd8
	- fabric-networking-api-v1 1.2.21+4e68ac5bd8
	- fabric-object-builder-api-v1 7.0.0+63b515f4d8
	- fabric-particles-v1 1.0.22+f1e4495bd8
	- fabric-recipe-api-v1 1.0.5+a1ccd7bfd8
	- fabric-registry-sync-v0 2.1.1+a383ab97d8
	- fabric-renderer-api-v1 2.2.4+81e8c576d8
	- fabric-renderer-indigo 1.1.0+81e8c576d8
	- fabric-rendering-data-attachment-v1 0.3.27+afca2f3ed8
	- fabric-rendering-fluids-v1 3.0.20+f1e4495bd8
	- fabric-rendering-v1 2.0.2+ae0966bad8
	- fabric-resource-conditions-api-v1 2.3.0+e6c7d4eed8
	- fabric-resource-loader-v0 0.10.9+711cde8ad8
	- fabric-screen-api-v1 1.0.44+8c25edb4d8
	- fabric-screen-handler-api-v1 1.3.17+5da15ca1d8
	- fabric-sound-api-v1 1.0.8+75e98211d8
	- fabric-transfer-api-v1 3.0.1+9003cbe9d8
	- fabric-transitive-access-wideners-v1 3.0.2+63b515f4d8
	- fabricloader 0.14.18
	- java 17
	- minecraft 1.19.4
[01:30:53] [main/INFO] (FabricLoader/Mixin) SpongePowered MIXIN Subsystem Version=0.8.5 Source=file:/C:/Users/bpole/.gradle/caches/modules-2/files-2.1/net.fabricmc/sponge-mixin/0.12.4+mixin.0.8.5/e13b4069fe3555969811d4474f78576c707bbe1c/sponge-mixin-0.12.4+mixin.0.8.5.jar Service=Knot/Fabric Env=CLIENT
[01:30:53] [main/INFO] (FabricLoader/Mixin) Loaded Fabric development mappings for mixin remapper!
[01:30:53] [main/INFO] (FabricLoader/Mixin) Compatibility level set to JAVA_17
[01:31:02] [Datafixer Bootstrap/INFO] (Minecraft) 180 Datafixer optimizations took 192 milliseconds
[01:31:05] [Render thread/INFO] (Minecraft) Environment: authHost='https://authserver.mojang.com', accountsHost='https://api.mojang.com', sessionHost='https://sessionserver.mojang.com', servicesHost='https://api.minecraftservices.com', name='PROD'
[01:31:05] [Render thread/ERROR] (Minecraft) Failed to verify authentication
com.mojang.authlib.exceptions.InvalidCredentialsException: Status: 401
	at com.mojang.authlib.exceptions.MinecraftClientHttpException.toAuthenticationException(MinecraftClientHttpException.java:56) ~[authlib-3.18.38.jar:?]
	at com.mojang.authlib.yggdrasil.YggdrasilUserApiService.fetchProperties(YggdrasilUserApiService.java:156) ~[authlib-3.18.38.jar:?]
	at com.mojang.authlib.yggdrasil.YggdrasilUserApiService.<init>(YggdrasilUserApiService.java:55) ~[authlib-3.18.38.jar:?]
	at com.mojang.authlib.yggdrasil.YggdrasilAuthenticationService.createUserApiService(YggdrasilAuthenticationService.java:161) ~[authlib-3.18.38.jar:?]
	at net.minecraft.client.MinecraftClient.createUserApiService(MinecraftClient.java:732) ~[minecraft-merged-project-root-1.19.4-net.fabricmc.yarn.1_19_4.1.19.4+build.1-v2.jar:?]
	at net.minecraft.client.MinecraftClient.<init>(MinecraftClient.java:440) ~[minecraft-merged-project-root-1.19.4-net.fabricmc.yarn.1_19_4.1.19.4+build.1-v2.jar:?]
	at net.minecraft.client.main.Main.main(Main.java:198) ~[minecraft-merged-project-root-1.19.4-net.fabricmc.yarn.1_19_4.1.19.4+build.1-v2.jar:?]
	at net.fabricmc.loader.impl.game.minecraft.MinecraftGameProvider.launch(MinecraftGameProvider.java:462) ~[fabric-loader-0.14.18.jar:?]
	at net.fabricmc.loader.impl.launch.knot.Knot.launch(Knot.java:74) ~[fabric-loader-0.14.18.jar:?]
	at net.fabricmc.loader.impl.launch.knot.KnotClient.main(KnotClient.java:23) ~[fabric-loader-0.14.18.jar:?]
	at net.fabricmc.devlaunchinjector.Main.main(Main.java:86) ~[dev-launch-injector-0.2.1+build.8.jar:?]
Caused by: com.mojang.authlib.exceptions.MinecraftClientHttpException: Status: 401
	at com.mojang.authlib.minecraft.client.MinecraftClient.readInputStream(MinecraftClient.java:85) ~[authlib-3.18.38.jar:?]
	at com.mojang.authlib.minecraft.client.MinecraftClient.get(MinecraftClient.java:48) ~[authlib-3.18.38.jar:?]
	at com.mojang.authlib.yggdrasil.YggdrasilUserApiService.fetchProperties(YggdrasilUserApiService.java:129) ~[authlib-3.18.38.jar:?]
	... 9 more
[01:31:05] [Render thread/INFO] (Minecraft) Setting user: Player552
[01:31:06] [Render thread/INFO] (bechacraft) Registering items for Béchacraft
[01:31:06] [Render thread/INFO] (bechacraft) Loaded 49 vocations
[01:31:06] [Render thread/INFO] (bechacraft) Registering blocks for Béchacraft
[01:31:06] [Render thread/INFO] (bechacraft) Commands have been initialized
[01:31:06] [Render thread/ERROR] (Minecraft) No data fixer registered for shuriken
[01:31:06] [Render thread/INFO] (bechacraft) Béchacraft has initialized succesfully !
[01:31:06] [Render thread/INFO] (Indigo) [Indigo] Registering Indigo renderer!
[01:31:07] [Render thread/INFO] (Minecraft) Backend library: LWJGL version 3.3.1 SNAPSHOT
[01:31:08] [Render thread/INFO] (Minecraft) Reloading ResourceManager: vanilla, Fabric Mods (Fabric Recipe API (v1), Fabric Loot API (v2), Fabric API, Fabric Loader, Fabric Screen Handler API (v1), Fabric Game Rule API (v1), Fabric Events Interaction (v0), Fabric API Base, Fabric Rendering Fluids (v1), Fabric Convention Tags, Fabric Transitive Access Wideners (v1), Fabric Content Registries (v0), Fabric Resource Conditions API (v1), Fabric Networking API (v1), Fabric Client Tags, Fabric Sound API (v1), Fabric Models (v0), Fabric Game Test API (v1), Fabric Block API (v1), Fabric Item API (v1), Fabric Renderer - Indigo, Fabric API Lookup API (v1), Fabric Object Builder API (v1), Fabric Rendering Data Attachment (v1), Fabric Data Generation API (v1), Fabric Crash Report Info (v1), Fabric Renderer API (v1), Fabric Item Group API (v1), Fabric Key Binding API (v1), Fabric Resource Loader (v0), Fabric Lifecycle Events (v1), Fabric Command API (v2), Fabric Biome API (v1), Fabric Screen API (v1), Fabric Rendering (v1), Fabric BlockRenderLayer Registration (v1), Béchacraft, Fabric Entity Events (v1), Fabric Mining Level API (v1), Fabric Dimensions API (v1), Fabric Particles (v1), Fabric Message API (v1), Fabric Registry Sync (v0), Fabric Transfer API (v1))
[01:31:09] [Realms Notification Availability checker #1/INFO] (Minecraft) Could not authorize you against Realms server: Invalid session id
[01:31:11] [Render thread/WARN] (Minecraft) Missing sound for event: minecraft:item.brush.brushing
[01:31:11] [Render thread/WARN] (Minecraft) Missing sound for event: minecraft:item.brush.brush_sand_completed
[01:31:11] [Render thread/WARN] (Minecraft) Missing sound for event: minecraft:item.goat_horn.play
[01:31:11] [Render thread/WARN] (Minecraft) Missing sound for event: minecraft:entity.goat.screaming.horn_break
[01:31:11] [Render thread/WARN] (Minecraft) Missing sound for event: minecraft:music.overworld.cherry_grove
[01:31:12] [Render thread/INFO] (Minecraft) OpenAL initialized on device OpenAL Soft on Speakers (Realtek(R) Audio)
[01:31:12] [Render thread/INFO] (Minecraft) Sound engine started
[01:31:12] [Render thread/INFO] (Minecraft) Created: 1024x512x4 minecraft:textures/atlas/blocks.png-atlas
[01:31:12] [Render thread/INFO] (Minecraft) Created: 256x256x4 minecraft:textures/atlas/signs.png-atlas
[01:31:12] [Render thread/INFO] (Minecraft) Created: 512x512x4 minecraft:textures/atlas/shield_patterns.png-atlas
[01:31:12] [Render thread/INFO] (Minecraft) Created: 512x512x4 minecraft:textures/atlas/banner_patterns.png-atlas
[01:31:12] [Render thread/INFO] (Minecraft) Created: 1024x1024x4 minecraft:textures/atlas/armor_trims.png-atlas
[01:31:12] [Render thread/INFO] (Minecraft) Created: 64x64x4 minecraft:textures/atlas/decorated_pot.png-atlas
[01:31:12] [Render thread/INFO] (Minecraft) Created: 256x256x4 minecraft:textures/atlas/chest.png-atlas
[01:31:12] [Render thread/INFO] (Minecraft) Created: 512x256x4 minecraft:textures/atlas/shulker_boxes.png-atlas
[01:31:12] [Render thread/INFO] (Minecraft) Created: 512x256x4 minecraft:textures/atlas/beds.png-atlas
[01:31:12] [Render thread/WARN] (Minecraft) Shader rendertype_entity_translucent_emissive could not find sampler named Sampler2 in the specified shader program.
[01:31:12] [Render thread/INFO] (Minecraft) Created: 256x256x0 minecraft:textures/atlas/particles.png-atlas
[01:31:12] [Render thread/INFO] (Minecraft) Created: 256x256x0 minecraft:textures/atlas/paintings.png-atlas
[01:31:12] [Render thread/INFO] (Minecraft) Created: 128x128x0 minecraft:textures/atlas/mob_effects.png-atlas
[01:31:27] [Render thread/INFO] (FabricRegistrySync) [fabric-registry-sync] Loaded registry data [file 1/4]
[01:31:28] [Render thread/INFO] (Minecraft) Loaded 8 recipes
[01:31:29] [Render thread/INFO] (Minecraft) Loaded 1179 advancements
[01:31:29] [Render thread/INFO] (BiomeModificationImpl) Applied 0 biome modifications to 0 of 63 new biomes in 1.643 ms
[01:31:29] [Server thread/INFO] (Minecraft) Starting integrated minecraft server version 1.19.4
[01:31:29] [Server thread/INFO] (Minecraft) Generating keypair
[01:31:31] [Server thread/INFO] (Minecraft) Preparing start region for dimension minecraft:overworld
[01:31:33] [Render thread/INFO] (Minecraft) Preparing spawn area: 0%
[01:31:33] [Render thread/INFO] (Minecraft) Preparing spawn area: 0%
[01:31:33] [Render thread/INFO] (Minecraft) Preparing spawn area: 0%
[01:31:33] [Render thread/INFO] (Minecraft) Preparing spawn area: 0%
[01:31:33] [Render thread/INFO] (Minecraft) Preparing spawn area: 0%
[01:31:33] [Render thread/INFO] (Minecraft) Preparing spawn area: 0%
[01:31:34] [Render thread/INFO] (Minecraft) Preparing spawn area: 0%
[01:31:34] [Render thread/INFO] (Minecraft) Preparing spawn area: 9%
[01:31:35] [Render thread/INFO] (Minecraft) Preparing spawn area: 32%
[01:31:36] [Render thread/INFO] (Minecraft) Preparing spawn area: 50%
[01:31:36] [Render thread/INFO] (Minecraft) Preparing spawn area: 50%
[01:31:36] [Render thread/INFO] (Minecraft) Preparing spawn area: 68%
[01:31:37] [Render thread/INFO] (Minecraft) Preparing spawn area: 68%
[01:31:37] [Render thread/INFO] (Minecraft) Preparing spawn area: 68%
[01:31:38] [Render thread/INFO] (Minecraft) Preparing spawn area: 68%
[01:31:38] [Render thread/INFO] (Minecraft) Preparing spawn area: 70%
[01:31:39] [Render thread/INFO] (Minecraft) Preparing spawn area: 76%
[01:31:39] [Render thread/INFO] (Minecraft) Preparing spawn area: 80%
[01:31:40] [Render thread/INFO] (Minecraft) Preparing spawn area: 83%
[01:31:40] [Render thread/INFO] (Minecraft) Preparing spawn area: 84%
[01:31:41] [Render thread/INFO] (Minecraft) Preparing spawn area: 85%
[01:31:41] [Render thread/INFO] (Minecraft) Preparing spawn area: 87%
[01:31:42] [Render thread/INFO] (Minecraft) Preparing spawn area: 91%
[01:31:42] [Render thread/INFO] (Minecraft) Preparing spawn area: 95%
[01:31:43] [Render thread/INFO] (Minecraft) Time elapsed: 11937 ms
[01:31:43] [Server thread/INFO] (Minecraft) Changing view distance to 3, from 10
[01:31:43] [Server thread/INFO] (Minecraft) Changing simulation distance to 12, from 0
[01:31:45] [Server thread/INFO] (Minecraft) Player552[local:E:3f899b05] logged in with entity id 245 at (-9.468740297048319, 89.0, -89.41106489082102)
[01:31:46] [Server thread/INFO] (Minecraft) Player552 joined the game
[01:31:46] [Render thread/WARN] (Minecraft) Failed to load texture: bechacraft:textures/vocation/ninja.png
java.io.FileNotFoundException: bechacraft:textures/vocation/ninja.png
	at net.minecraft.resource.ResourceFactory.method_43043(ResourceFactory.java:21) ~[minecraft-merged-project-root-1.19.4-net.fabricmc.yarn.1_19_4.1.19.4+build.1-v2.jar:?]
	at java.util.Optional.orElseThrow(Optional.java:403) ~[?:?]
	at net.minecraft.resource.ResourceFactory.getResourceOrThrow(ResourceFactory.java:21) ~[minecraft-merged-project-root-1.19.4-net.fabricmc.yarn.1_19_4.1.19.4+build.1-v2.jar:?]
	at net.minecraft.client.texture.ResourceTexture$TextureData.load(ResourceTexture.java:83) ~[minecraft-merged-project-root-1.19.4-net.fabricmc.yarn.1_19_4.1.19.4+build.1-v2.jar:?]
	at net.minecraft.client.texture.ResourceTexture.loadTextureData(ResourceTexture.java:58) ~[minecraft-merged-project-root-1.19.4-net.fabricmc.yarn.1_19_4.1.19.4+build.1-v2.jar:?]
	at net.minecraft.client.texture.ResourceTexture.load(ResourceTexture.java:29) ~[minecraft-merged-project-root-1.19.4-net.fabricmc.yarn.1_19_4.1.19.4+build.1-v2.jar:?]
	at net.minecraft.client.texture.TextureManager.loadTexture(TextureManager.java:98) ~[minecraft-merged-project-root-1.19.4-net.fabricmc.yarn.1_19_4.1.19.4+build.1-v2.jar:?]
	at net.minecraft.client.texture.TextureManager.registerTexture(TextureManager.java:70) ~[minecraft-merged-project-root-1.19.4-net.fabricmc.yarn.1_19_4.1.19.4+build.1-v2.jar:?]
	at net.minecraft.client.texture.TextureManager.getTexture(TextureManager.java:120) ~[minecraft-merged-project-root-1.19.4-net.fabricmc.yarn.1_19_4.1.19.4+build.1-v2.jar:?]
	at com.mojang.blaze3d.systems.RenderSystem._setShaderTexture(RenderSystem.java:1229) ~[minecraft-merged-project-root-1.19.4-net.fabricmc.yarn.1_19_4.1.19.4+build.1-v2.jar:?]
	at com.mojang.blaze3d.systems.RenderSystem.setShaderTexture(RenderSystem.java:1222) ~[minecraft-merged-project-root-1.19.4-net.fabricmc.yarn.1_19_4.1.19.4+build.1-v2.jar:?]
	at bapt.bechacraft.client.VocationHudOverlay.onHudRender(VocationHudOverlay.java:32) ~[main/:?]
	at net.fabricmc.fabric.api.client.rendering.v1.HudRenderCallback.lambda$static$0(HudRenderCallback.java:27) ~[fabric-rendering-v1-2.0.2+ae0966bad8.jar:?]
	at net.minecraft.client.gui.hud.InGameHud.handler$zhe000$fabric-rendering-v1$render(InGameHud.java:1408) ~[minecraft-merged-project-root-1.19.4-net.fabricmc.yarn.1_19_4.1.19.4+build.1-v2.jar:?]
	at net.minecraft.client.gui.hud.InGameHud.render(InGameHud.java:374) ~[minecraft-merged-project-root-1.19.4-net.fabricmc.yarn.1_19_4.1.19.4+build.1-v2.jar:?]
	at net.minecraft.client.render.GameRenderer.render(GameRenderer.java:918) ~[minecraft-merged-project-root-1.19.4-net.fabricmc.yarn.1_19_4.1.19.4+build.1-v2.jar:?]
	at net.minecraft.client.MinecraftClient.render(MinecraftClient.java:1218) ~[minecraft-merged-project-root-1.19.4-net.fabricmc.yarn.1_19_4.1.19.4+build.1-v2.jar:?]
	at net.minecraft.client.MinecraftClient.run(MinecraftClient.java:801) ~[minecraft-merged-project-root-1.19.4-net.fabricmc.yarn.1_19_4.1.19.4+build.1-v2.jar:?]
	at net.minecraft.client.main.Main.main(Main.java:237) ~[minecraft-merged-project-root-1.19.4-net.fabricmc.yarn.1_19_4.1.19.4+build.1-v2.jar:?]
	at net.fabricmc.loader.impl.game.minecraft.MinecraftGameProvider.launch(MinecraftGameProvider.java:462) ~[fabric-loader-0.14.18.jar:?]
	at net.fabricmc.loader.impl.launch.knot.Knot.launch(Knot.java:74) ~[fabric-loader-0.14.18.jar:?]
	at net.fabricmc.loader.impl.launch.knot.KnotClient.main(KnotClient.java:23) ~[fabric-loader-0.14.18.jar:?]
	at net.fabricmc.devlaunchinjector.Main.main(Main.java:86) ~[dev-launch-injector-0.2.1+build.8.jar:?]
[01:31:46] [Render thread/INFO] (Minecraft) Loaded 8 advancements
[01:33:54] [Server thread/INFO] (Minecraft) Player552 has made the advancement [Monster Hunter]
[01:33:54] [Render thread/INFO] (Minecraft) [System] [CHAT] Player552 has made the advancement [Monster Hunter]
[01:33:54] [Render thread/INFO] (Minecraft) Loaded 34 advancements
[01:34:10] [Render thread/INFO] (Minecraft) Loaded 36 advancements
[01:34:15] [Render thread/INFO] (Minecraft) Loaded 36 advancements
[01:35:28] [Render thread/INFO] (Minecraft) Loaded 36 advancements
[01:35:34] [Render thread/INFO] (Minecraft) Loaded 37 advancements
[01:35:34] [Render thread/INFO] (Minecraft) Loaded 38 advancements
[01:35:41] [Server thread/INFO] (Minecraft) Saving and pausing game...
[01:35:41] [Server thread/INFO] (Minecraft) Saving chunks for level 'ServerLevel[Test omg]'/minecraft:overworld
[01:35:41] [Server thread/INFO] (Minecraft) Saving chunks for level 'ServerLevel[Test omg]'/minecraft:the_nether
[01:35:41] [Server thread/INFO] (Minecraft) Saving chunks for level 'ServerLevel[Test omg]'/minecraft:the_end
